2020-08-30 20:30:03,419 INFO  [log] Bearer c78fccdfef8eae5a67dd70e18dfa24aac7494a62
2020-08-30 20:30:03,483 INFO  [log] [HTTP/1.1 200 OK]
2020-08-30 20:30:03,496 INFO  [log] status is 200
2020-08-30 20:30:03,868 INFO  [log] upskills_admin
2020-08-30 20:30:03,871 INFO  [log] username is displayed as per expected
2020-08-30 20:30:03,873 INFO  [log] [HTTP/1.1 200 OK]
2020-08-30 20:30:03,875 INFO  [log] status is 200
2020-08-30 20:30:04,226 INFO  [log] upskills_admin
2020-08-30 20:30:04,227 INFO  [log] username is displayed as per expected
2020-08-30 20:30:04,228 INFO  [log] [HTTP/1.1 200 OK]
2020-08-30 20:30:04,235 INFO  [log] status is 200
2020-08-30 20:30:14,732 INFO  [log] [null, null, null, null, null, null, null, null, null, null, null, null, null, null, null, null, null, null, null, null, null, null, null, null, null, null, null, null, null, null, null, null, null, null, null, null, null, null, null, null, null, null, null, null, null, null, null, null, null, null, null, null, null, null, null, null, null, null, null, null, null, null, null, null, null, null, null, null, null, null, null, null, null, null, null, null, null, null, null, null, null, null, null, null, null, null, null, null, null, null, null, null, null, null, null, null, null, null, null, null, null, null, null, null, null, null, null, null, null, null, null, null, null, null, null, null, null, null, null, null, null, null, null, null, null, null, null, null, null, null, null, null, null, null, null, null, null, null, null, null, null, null, null, null, null, null, null, null, null, null, null, null, null, null, null, null, null, null, null, null, null, null, null, null, null, null, null, null, null, null, null, null, null, null, null, null, null, null, null, null, null, null, null, null, null, null, null, null, null, null, null, null, null, null, null, null, null, null, null, null, null, null, null, null, null, null, null, null, null, null, null, null, null, null, null, null, null, null, null, null, null, null, null, null, null, null, null, null, null, null, null, null, null, null, null, null, null, null, null, null, null, null, null, null, null, null, null, null, null, null, null, null, null, null, null, null, null, null, null, null, null, null, null, null, null, null, null, null, null, null, null, null, null, null, null, null, null, null, null, null, null, null, null, null, null, null, null, null, null, null, null, null, null, null, null, null, null, null, null, null, null, null, null, null, null, null, null, null, null, null, null, null, null, null, null, null, null, null, null, null, null, null, null, null, null, null, null, null, null, null, null, null, null, null, null, null, null, null, null, null, null, null, null, null, null, null, null, null, null, null, null, null, null, null, null, null, null, null, null, null, null, null, null, null, null, null, null, null, null, null, null, null, null, null, null, null, null, null, null, null, null, null, null, null, null, null, null, null, null, null, null, null, null, null, null, null, null, null, null, null, null, null, null, null, null, null, null, null, null, null, null, null, null, null, null, null, null, null, null, null, null, null, null, null, null, null, null, null, null, null, null, null, null, null, null, null, null, null, null, null, null, null, null, null, null, null, null, null, null, null, null, null, null, null, null, null, null, null, null, null, null, null, null, null, null, null, null, null, null, null, null, null, null, null, null, null, null, null, null, null, null, null, null, null, null, null, null, null, null, null, null, null, null, null, null, null, null, null, null, null, null, null, null, null, null, null, null, null, null, null, null, null, null, null, null, null, null, null, null, null, null, null, null, null, null, null, null, null, null, null, null, null, null, null, null, null, null, null, null, null, null, null, null, null, null, null, null, null, null, null, null, null, null, null, null, null, null, null, null, null, null, null, null, null, null, null, null, null, null, null, null, null, null, null, null, null, null, null, null, null, null, null, null, null, null, null, null, null, null, null, null, null, null, null, null, null, null, null, null, null, null, null, null, null, null, null, null, null, null, null, null, null, null, null, null, null, null, null, null, null, null, null, null, null, null, null, null, null, null, null, null, null, null, null, null, null, null, null, null, null, null, null, null, null, null, null, null, null, null, null, null, null, null, null, null, null, null, null, null, null, null, null, null, null, null, null, null, null, null, null, null, null, null, null, null, null, null, null, null, null, null, null, null, null, null, null, null, null, null, null, null, null, null, null, null, null, null, null, null, null, null, null, null, null, null, null, null, null, null, null, null, null, null, null, null, null, null, null, null, null, null, null, null, null, null, null, null, null, null, null, null, null, null, null, null, null, null, null, null, null, null, null, null, null, null, null, null, null, null, null, null, null, null, null, null, null, null, null, null, null, null, null, null, null, null, null, null, null, null, null, null, null, null, null, null, null, null, null, null, null, null, null, null, null, null, null, null, null, null, null, null, null, null, null, null, null, null, null, null, null, null, null, null, null, null, null, null, null, null, null, null, null, null, null, null, null, null, null, null, null, null, null, null, null, null, null, null, null, null, null, null, null, null, null, null, null]
2020-08-30 20:30:14,839 INFO  [log] username displayed in response is wrong
2020-08-30 20:30:14,840 INFO  [log] [HTTP/1.1 200 OK]
2020-08-30 20:30:14,843 INFO  [log] status is 200
2020-08-30 20:30:15,299 INFO  [log] 1876
2020-08-30 20:30:15,726 INFO  [log] [10]
2020-08-30 20:30:16,902 INFO  [log] [null]
2020-08-30 20:30:16,907 INFO  [log] username displayed in response is wrong
2020-08-30 20:30:16,908 INFO  [log] [HTTP/1.1 200 OK]
2020-08-30 20:30:16,910 INFO  [log] status is 200
2020-08-30 20:30:17,836 INFO  [log] 1877
2020-08-30 20:30:18,873 INFO  [log] []
2020-08-30 20:30:18,874 INFO  [log] username displayed in response is wrong
2020-08-30 20:30:18,875 INFO  [log] [HTTP/1.1 404 Not Found]
2020-08-30 20:30:18,876 INFO  [log] status is 200
2020-08-30 20:30:20,660 INFO  [log] Bearer 98e6b35f17aa60223fe6dd0ecdf4908570780d04
2020-08-30 20:30:20,660 INFO  [log] [HTTP/1.1 200 OK]
2020-08-30 20:30:20,661 INFO  [log] status is 200
2020-08-30 20:30:20,964 INFO  [log] upskills_admin
2020-08-30 20:30:20,964 INFO  [log] username is displayed as per expected
2020-08-30 20:30:20,966 INFO  [log] [HTTP/1.1 200 OK]
2020-08-30 20:30:20,967 INFO  [log] status is 200
2020-08-30 20:30:21,891 INFO  [log] upskills_admin
2020-08-30 20:30:21,891 INFO  [log] username is displayed as per expected
2020-08-30 20:30:21,892 INFO  [log] [HTTP/1.1 200 OK]
2020-08-30 20:30:21,893 INFO  [log] status is 200
2020-08-30 20:30:22,420 INFO  [log] 6 and 4
2020-08-30 20:30:22,429 INFO  [log] Category1
2020-08-30 20:30:22,434 INFO  [log] CategoryDesc1
2020-08-30 20:30:22,439 INFO  [log] 101
2020-08-30 20:30:22,439 INFO  [log] 11
2020-08-30 20:30:22,777 INFO  [log] 1878
2020-08-30 20:30:23,083 INFO  [log] [10]
2020-08-30 20:30:23,705 INFO  [log] [null]
2020-08-30 20:30:23,706 INFO  [log] username displayed in response is wrong
2020-08-30 20:30:23,707 INFO  [log] [HTTP/1.1 200 OK]
2020-08-30 20:30:23,708 INFO  [log] status is 200
2020-08-30 20:30:23,717 INFO  [log] Status: FINISHED, time taken for TestCase was: 1241 ms
2020-08-30 20:30:23,740 INFO  [log] Number of test steps which ran: 6
2020-08-30 20:30:24,104 INFO  [log] 1879
2020-08-30 20:30:25,047 INFO  [log] []
2020-08-30 20:30:25,048 INFO  [log] username displayed in response is wrong
2020-08-30 20:30:25,049 INFO  [log] [HTTP/1.1 404 Not Found]
2020-08-30 20:30:25,049 INFO  [log] status is 200
2020-08-30 20:30:25,056 INFO  [log] Status: FINISHED, time taken for TestCase was: 1269 ms
2020-08-30 20:30:25,056 INFO  [log] Number of test steps which ran: 5
2020-08-30 20:30:25,057 INFO  [log] Category2
2020-08-30 20:30:25,057 INFO  [log] CategoryDesc2
2020-08-30 20:30:25,058 INFO  [log] 102
2020-08-30 20:30:25,059 INFO  [log] 12
2020-08-30 20:30:25,375 INFO  [log] 1880
2020-08-30 20:30:25,723 INFO  [log] [10]
2020-08-30 20:30:26,358 INFO  [log] [null]
2020-08-30 20:30:26,358 INFO  [log] username displayed in response is wrong
2020-08-30 20:30:26,359 INFO  [log] [HTTP/1.1 200 OK]
2020-08-30 20:30:26,359 INFO  [log] status is 200
2020-08-30 20:30:26,364 INFO  [log] Status: FINISHED, time taken for TestCase was: 1277 ms
2020-08-30 20:30:26,367 INFO  [log] Number of test steps which ran: 6
2020-08-30 20:30:26,675 INFO  [log] 1881
2020-08-30 20:30:27,596 INFO  [log] []
2020-08-30 20:30:27,597 INFO  [log] username displayed in response is wrong
2020-08-30 20:30:27,598 INFO  [log] [HTTP/1.1 404 Not Found]
2020-08-30 20:30:27,599 INFO  [log] status is 200
2020-08-30 20:30:27,602 INFO  [log] Status: FINISHED, time taken for TestCase was: 1211 ms
2020-08-30 20:30:27,605 INFO  [log] Number of test steps which ran: 5
2020-08-30 20:30:27,605 INFO  [log] Category3
2020-08-30 20:30:27,606 INFO  [log] CategoryDesc3
2020-08-30 20:30:27,606 INFO  [log] 103
2020-08-30 20:30:27,607 INFO  [log] 13
2020-08-30 20:30:27,915 INFO  [log] 1882
2020-08-30 20:30:28,227 INFO  [log] [10]
2020-08-30 20:30:28,852 INFO  [log] [null]
2020-08-30 20:30:28,854 INFO  [log] username displayed in response is wrong
2020-08-30 20:30:28,855 INFO  [log] [HTTP/1.1 200 OK]
2020-08-30 20:30:28,856 INFO  [log] status is 200
2020-08-30 20:30:28,862 INFO  [log] Status: FINISHED, time taken for TestCase was: 1223 ms
2020-08-30 20:30:28,863 INFO  [log] Number of test steps which ran: 6
2020-08-30 20:30:29,167 INFO  [log] 1883
2020-08-30 20:30:30,474 INFO  [log] []
2020-08-30 20:30:30,474 INFO  [log] username displayed in response is wrong
2020-08-30 20:30:30,475 INFO  [log] [HTTP/1.1 404 Not Found]
2020-08-30 20:30:30,475 INFO  [log] status is 200
2020-08-30 20:30:30,479 INFO  [log] Status: FINISHED, time taken for TestCase was: 1594 ms
2020-08-30 20:30:30,479 INFO  [log] Number of test steps which ran: 5
2020-08-30 20:30:30,483 INFO  [log] Category4
2020-08-30 20:30:30,484 INFO  [log] CategoryDesc4
2020-08-30 20:30:30,484 INFO  [log] 104
2020-08-30 20:30:30,485 INFO  [log] 14
2020-08-30 20:30:30,823 INFO  [log] 1884
2020-08-30 20:30:31,136 INFO  [log] [10]
2020-08-30 20:30:31,756 INFO  [log] [null]
2020-08-30 20:30:31,756 INFO  [log] username displayed in response is wrong
2020-08-30 20:30:31,757 INFO  [log] [HTTP/1.1 200 OK]
2020-08-30 20:30:31,758 INFO  [log] status is 200
2020-08-30 20:30:31,765 INFO  [log] Status: FINISHED, time taken for TestCase was: 1253 ms
2020-08-30 20:30:31,765 INFO  [log] Number of test steps which ran: 6
2020-08-30 20:30:32,100 INFO  [log] 1885
2020-08-30 20:30:33,052 INFO  [log] []
2020-08-30 20:30:33,052 INFO  [log] username displayed in response is wrong
2020-08-30 20:30:33,053 INFO  [log] [HTTP/1.1 404 Not Found]
2020-08-30 20:30:33,053 INFO  [log] status is 200
2020-08-30 20:30:33,057 INFO  [log] Status: FINISHED, time taken for TestCase was: 1269 ms
2020-08-30 20:30:33,057 INFO  [log] Number of test steps which ran: 5
2020-08-30 20:30:33,061 INFO  [log] Category5
2020-08-30 20:30:33,061 INFO  [log] CategoryDesc5
2020-08-30 20:30:33,062 INFO  [log] 105
2020-08-30 20:30:33,063 INFO  [log] 15
2020-08-30 20:30:33,423 INFO  [log] 1886
2020-08-30 20:30:33,737 INFO  [log] [10]
2020-08-30 20:30:34,367 INFO  [log] [null]
2020-08-30 20:30:34,367 INFO  [log] username displayed in response is wrong
2020-08-30 20:30:34,368 INFO  [log] [HTTP/1.1 200 OK]
2020-08-30 20:30:34,368 INFO  [log] status is 200
2020-08-30 20:30:34,375 INFO  [log] Status: FINISHED, time taken for TestCase was: 1283 ms
2020-08-30 20:30:34,376 INFO  [log] Number of test steps which ran: 6
2020-08-30 20:30:34,682 INFO  [log] 1887
2020-08-30 20:30:35,592 INFO  [log] []
2020-08-30 20:30:35,592 INFO  [log] username displayed in response is wrong
2020-08-30 20:30:35,593 INFO  [log] [HTTP/1.1 404 Not Found]
2020-08-30 20:30:35,594 INFO  [log] status is 200
2020-08-30 20:30:35,600 INFO  [log] Status: FINISHED, time taken for TestCase was: 1200 ms
2020-08-30 20:30:35,601 INFO  [log] Number of test steps which ran: 5
2020-08-30 20:30:35,954 INFO  [log] Number of test steps which ran: 1
2020-08-30 20:40:00,434 INFO  [log] Bearer eada9fd2f6a88fb5fa437895097862af273f95a1
2020-08-30 20:40:00,506 INFO  [log] [HTTP/1.1 200 OK]
2020-08-30 20:40:00,524 INFO  [log] status is 200
2020-08-30 20:40:00,926 INFO  [log] upskills_admin
2020-08-30 20:40:00,927 INFO  [log] username is displayed as per expected
2020-08-30 20:40:00,928 INFO  [log] [HTTP/1.1 200 OK]
2020-08-30 20:40:00,931 INFO  [log] status is 200
2020-08-30 20:40:01,322 INFO  [log] upskills_admin
2020-08-30 20:40:01,322 INFO  [log] username is displayed as per expected
2020-08-30 20:40:01,324 INFO  [log] [HTTP/1.1 200 OK]
2020-08-30 20:40:01,327 INFO  [log] status is 200
2020-08-30 20:40:14,704 INFO  [log] [null, null, null, null, null, null, null, null, null, null, null, null, null, null, null, null, null, null, null, null, null, null, null, null, null, null, null, null, null, null, null, null, null, null, null, null, null, null, null, null, null, null, null, null, null, null, null, null, null, null, null, null, null, null, null, null, null, null, null, null, null, null, null, null, null, null, null, null, null, null, null, null, null, null, null, null, null, null, null, null, null, null, null, null, null, null, null, null, null, null, null, null, null, null, null, null, null, null, null, null, null, null, null, null, null, null, null, null, null, null, null, null, null, null, null, null, null, null, null, null, null, null, null, null, null, null, null, null, null, null, null, null, null, null, null, null, null, null, null, null, null, null, null, null, null, null, null, null, null, null, null, null, null, null, null, null, null, null, null, null, null, null, null, null, null, null, null, null, null, null, null, null, null, null, null, null, null, null, null, null, null, null, null, null, null, null, null, null, null, null, null, null, null, null, null, null, null, null, null, null, null, null, null, null, null, null, null, null, null, null, null, null, null, null, null, null, null, null, null, null, null, null, null, null, null, null, null, null, null, null, null, null, null, null, null, null, null, null, null, null, null, null, null, null, null, null, null, null, null, null, null, null, null, null, null, null, null, null, null, null, null, null, null, null, null, null, null, null, null, null, null, null, null, null, null, null, null, null, null, null, null, null, null, null, null, null, null, null, null, null, null, null, null, null, null, null, null, null, null, null, null, null, null, null, null, null, null, null, null, null, null, null, null, null, null, null, null, null, null, null, null, null, null, null, null, null, null, null, null, null, null, null, null, null, null, null, null, null, null, null, null, null, null, null, null, null, null, null, null, null, null, null, null, null, null, null, null, null, null, null, null, null, null, null, null, null, null, null, null, null, null, null, null, null, null, null, null, null, null, null, null, null, null, null, null, null, null, null, null, null, null, null, null, null, null, null, null, null, null, null, null, null, null, null, null, null, null, null, null, null, null, null, null, null, null, null, null, null, null, null, null, null, null, null, null, null, null, null, null, null, null, null, null, null, null, null, null, null, null, null, null, null, null, null, null, null, null, null, null, null, null, null, null, null, null, null, null, null, null, null, null, null, null, null, null, null, null, null, null, null, null, null, null, null, null, null, null, null, null, null, null, null, null, null, null, null, null, null, null, null, null, null, null, null, null, null, null, null, null, null, null, null, null, null, null, null, null, null, null, null, null, null, null, null, null, null, null, null, null, null, null, null, null, null, null, null, null, null, null, null, null, null, null, null, null, null, null, null, null, null, null, null, null, null, null, null, null, null, null, null, null, null, null, null, null, null, null, null, null, null, null, null, null, null, null, null, null, null, null, null, null, null, null, null, null, null, null, null, null, null, null, null, null, null, null, null, null, null, null, null, null, null, null, null, null, null, null, null, null, null, null, null, null, null, null, null, null, null, null, null, null, null, null, null, null, null, null, null, null, null, null, null, null, null, null, null, null, null, null, null, null, null, null, null, null, null, null, null, null, null, null, null, null, null, null, null, null, null, null, null, null, null, null, null, null, null, null, null, null, null, null, null, null, null, null, null, null, null, null, null, null, null, null, null, null, null, null, null, null, null, null, null, null, null, null, null, null, null, null, null, null, null, null, null, null, null, null, null, null, null, null, null, null, null, null, null, null, null, null, null, null, null, null, null, null, null, null, null, null, null, null, null, null, null, null, null, null, null, null, null, null, null, null, null, null, null, null, null, null, null, null, null, null, null, null, null, null, null, null, null, null, null, null, null, null, null, null, null, null, null, null, null, null, null, null, null, null, null, null, null, null, null, null, null, null, null, null, null, null, null, null, null, null, null, null, null, null, null, null, null, null, null, null, null, null, null, null, null, null, null, null, null, null, null, null, null, null, null, null, null, null, null, null, null, null, null, null, null, null, null, null, null, null, null, null, null, null, null, null, null, null, null, null, null, null, null, null, null, null, null, null, null]
2020-08-30 20:40:14,777 INFO  [log] username displayed in response is wrong
2020-08-30 20:40:14,782 INFO  [log] [HTTP/1.1 200 OK]
2020-08-30 20:40:14,786 INFO  [log] status is 200
2020-08-30 20:40:15,220 INFO  [log] 1888
2020-08-30 20:40:15,588 INFO  [log] [10]
2020-08-30 20:40:16,243 INFO  [log] [null]
2020-08-30 20:40:16,246 INFO  [log] username displayed in response is wrong
2020-08-30 20:40:16,249 INFO  [log] [HTTP/1.1 200 OK]
2020-08-30 20:40:16,251 INFO  [log] status is 200
2020-08-30 20:40:16,594 INFO  [log] 1889
2020-08-30 20:40:17,548 INFO  [log] []
2020-08-30 20:40:17,552 INFO  [log] username displayed in response is wrong
2020-08-30 20:40:17,553 INFO  [log] [HTTP/1.1 404 Not Found]
2020-08-30 20:40:17,553 INFO  [log] status is 200
2020-08-30 20:40:18,324 INFO  [log] Bearer 652508ae5c0e1de8fee56a8562642987f7c61808
2020-08-30 20:40:18,325 INFO  [log] [HTTP/1.1 200 OK]
2020-08-30 20:40:18,327 INFO  [log] status is 200
2020-08-30 20:40:18,640 INFO  [log] upskills_admin
2020-08-30 20:40:18,641 INFO  [log] username is displayed as per expected
2020-08-30 20:40:18,642 INFO  [log] [HTTP/1.1 200 OK]
2020-08-30 20:40:18,643 INFO  [log] status is 200
2020-08-30 20:40:18,965 INFO  [log] upskills_admin
2020-08-30 20:40:18,965 INFO  [log] username is displayed as per expected
2020-08-30 20:40:18,968 INFO  [log] [HTTP/1.1 200 OK]
2020-08-30 20:40:18,969 INFO  [log] status is 200
2020-08-30 20:40:19,452 INFO  [log] 6 and 4
2020-08-30 20:40:19,466 INFO  [log] Category1
2020-08-30 20:40:19,470 INFO  [log] CategoryDesc1
2020-08-30 20:40:19,475 INFO  [log] 101
2020-08-30 20:40:19,476 INFO  [log] 11
2020-08-30 20:40:19,793 INFO  [log] 1890
2020-08-30 20:40:20,100 INFO  [log] [10]
2020-08-30 20:40:20,725 INFO  [log] [null]
2020-08-30 20:40:20,725 INFO  [log] username displayed in response is wrong
2020-08-30 20:40:20,726 INFO  [log] [HTTP/1.1 200 OK]
2020-08-30 20:40:20,729 INFO  [log] status is 200
2020-08-30 20:40:20,733 INFO  [log] Status: FINISHED, time taken for TestCase was: 1215 ms
2020-08-30 20:40:20,744 INFO  [log] Number of test steps which ran: 6
2020-08-30 20:40:21,057 INFO  [log] 1891
2020-08-30 20:40:22,053 INFO  [log] []
2020-08-30 20:40:22,053 INFO  [log] username displayed in response is wrong
2020-08-30 20:40:22,054 INFO  [log] [HTTP/1.1 404 Not Found]
2020-08-30 20:40:22,055 INFO  [log] status is 200
2020-08-30 20:40:22,061 INFO  [log] Status: FINISHED, time taken for TestCase was: 1274 ms
2020-08-30 20:40:22,062 INFO  [log] Number of test steps which ran: 5
2020-08-30 20:40:22,063 INFO  [log] Category2
2020-08-30 20:40:22,064 INFO  [log] CategoryDesc2
2020-08-30 20:40:22,065 INFO  [log] 102
2020-08-30 20:40:22,065 INFO  [log] 12
2020-08-30 20:40:22,381 INFO  [log] 1892
2020-08-30 20:40:22,733 INFO  [log] [10]
2020-08-30 20:40:23,357 INFO  [log] [null]
2020-08-30 20:40:23,358 INFO  [log] username displayed in response is wrong
2020-08-30 20:40:23,359 INFO  [log] [HTTP/1.1 200 OK]
2020-08-30 20:40:23,360 INFO  [log] status is 200
2020-08-30 20:40:23,368 INFO  [log] Status: FINISHED, time taken for TestCase was: 1263 ms
2020-08-30 20:40:23,369 INFO  [log] Number of test steps which ran: 6
2020-08-30 20:40:23,682 INFO  [log] 1893
2020-08-30 20:40:24,683 INFO  [log] []
2020-08-30 20:40:24,684 INFO  [log] username displayed in response is wrong
2020-08-30 20:40:24,684 INFO  [log] [HTTP/1.1 404 Not Found]
2020-08-30 20:40:24,685 INFO  [log] status is 200
2020-08-30 20:40:24,687 INFO  [log] Status: FINISHED, time taken for TestCase was: 1295 ms
2020-08-30 20:40:24,688 INFO  [log] Number of test steps which ran: 5
2020-08-30 20:40:24,690 INFO  [log] Category3
2020-08-30 20:40:24,693 INFO  [log] CategoryDesc3
2020-08-30 20:40:24,694 INFO  [log] 103
2020-08-30 20:40:24,694 INFO  [log] 13
2020-08-30 20:40:25,019 INFO  [log] 1894
2020-08-30 20:40:25,354 INFO  [log] [10]
2020-08-30 20:40:26,021 INFO  [log] [null]
2020-08-30 20:40:26,022 INFO  [log] username displayed in response is wrong
2020-08-30 20:40:26,023 INFO  [log] [HTTP/1.1 200 OK]
2020-08-30 20:40:26,024 INFO  [log] status is 200
2020-08-30 20:40:26,026 INFO  [log] Status: FINISHED, time taken for TestCase was: 1302 ms
2020-08-30 20:40:26,029 INFO  [log] Number of test steps which ran: 6
2020-08-30 20:40:26,353 INFO  [log] 1895
2020-08-30 20:40:27,276 INFO  [log] []
2020-08-30 20:40:27,276 INFO  [log] username displayed in response is wrong
2020-08-30 20:40:27,277 INFO  [log] [HTTP/1.1 404 Not Found]
2020-08-30 20:40:27,277 INFO  [log] status is 200
2020-08-30 20:40:27,282 INFO  [log] Status: FINISHED, time taken for TestCase was: 1225 ms
2020-08-30 20:40:27,285 INFO  [log] Number of test steps which ran: 5
2020-08-30 20:40:27,285 INFO  [log] Category4
2020-08-30 20:40:27,286 INFO  [log] CategoryDesc4
2020-08-30 20:40:27,287 INFO  [log] 104
2020-08-30 20:40:27,287 INFO  [log] 14
2020-08-30 20:40:27,592 INFO  [log] 1896
2020-08-30 20:40:27,897 INFO  [log] [10]
2020-08-30 20:40:28,514 INFO  [log] [null]
2020-08-30 20:40:28,515 INFO  [log] username displayed in response is wrong
2020-08-30 20:40:28,515 INFO  [log] [HTTP/1.1 200 OK]
2020-08-30 20:40:28,516 INFO  [log] status is 200
2020-08-30 20:40:28,520 INFO  [log] Status: FINISHED, time taken for TestCase was: 1205 ms
2020-08-30 20:40:28,521 INFO  [log] Number of test steps which ran: 6
2020-08-30 20:40:28,830 INFO  [log] 1897
2020-08-30 20:40:29,756 INFO  [log] []
2020-08-30 20:40:29,757 INFO  [log] username displayed in response is wrong
2020-08-30 20:40:29,757 INFO  [log] [HTTP/1.1 404 Not Found]
2020-08-30 20:40:29,758 INFO  [log] status is 200
2020-08-30 20:40:29,760 INFO  [log] Status: FINISHED, time taken for TestCase was: 1212 ms
2020-08-30 20:40:29,760 INFO  [log] Number of test steps which ran: 5
2020-08-30 20:40:29,761 INFO  [log] Category5
2020-08-30 20:40:29,761 INFO  [log] CategoryDesc5
2020-08-30 20:40:29,764 INFO  [log] 105
2020-08-30 20:40:29,766 INFO  [log] 15
2020-08-30 20:40:30,086 INFO  [log] 1898
2020-08-30 20:40:30,395 INFO  [log] [10]
2020-08-30 20:40:31,019 INFO  [log] [null]
2020-08-30 20:40:31,020 INFO  [log] username displayed in response is wrong
2020-08-30 20:40:31,020 INFO  [log] [HTTP/1.1 200 OK]
2020-08-30 20:40:31,021 INFO  [log] status is 200
2020-08-30 20:40:31,024 INFO  [log] Status: FINISHED, time taken for TestCase was: 1231 ms
2020-08-30 20:40:31,026 INFO  [log] Number of test steps which ran: 6
2020-08-30 20:40:31,344 INFO  [log] 1899
2020-08-30 20:40:32,474 INFO  [log] []
2020-08-30 20:40:32,474 INFO  [log] username displayed in response is wrong
2020-08-30 20:40:32,475 INFO  [log] [HTTP/1.1 404 Not Found]
2020-08-30 20:40:32,476 INFO  [log] status is 200
2020-08-30 20:40:32,481 INFO  [log] Status: FINISHED, time taken for TestCase was: 1427 ms
2020-08-30 20:40:32,481 INFO  [log] Number of test steps which ran: 5
2020-08-30 20:40:32,792 INFO  [log] Number of test steps which ran: 1
